<?xml version="1.0" encoding="utf-8"?><testsuites><testsuite name="pytest" errors="0" failures="0" skipped="0" tests="9" time="6.974" timestamp="2023-08-06T14:36:28.431796" hostname="360d00a5ea5f"><testcase classname="randomizer.test_randomizer.TestRandomizer" name="test_get_current_timestamp" time="0.003" /><testcase classname="randomizer.test_randomizer.TestRandomizer" name="test_generate_random_charset_series" time="0.002" /><testcase classname="randomizer.test_randomizer.TestRandomizer" name="test_generate_timestamped_random_string" time="0.003" /><testcase classname="randomizer.test_randomizer.TestRandomizer" name="test_generate_timestamped_random_string_value_error" time="0.002" /><testcase classname="randomizer.test_randomizer.TestRandomizer" name="test_generate_timestamped_random_string_uniqueness_2" time="0.001" /><testcase classname="randomizer.test_randomizer.TestRandomizer" name="test_generate_timestamped_random_string_uniqueness_1000" time="0.027" /><testcase classname="randomizer.test_randomizer.TestRandomizer" name="test_generate_timestamped_random_string_uniqueness_100000" time="1.915" /><testcase classname="randomizer.test_randomizer.TestRandomizer" name="test_generate_timestamped_random_string_uniqueness" time="3.628" /><testcase classname="randomizer.test_randomizer.TestRandomizer" name="test_convert_charset_to_integer" time="0.001" /></testsuite></testsuites>